16 06 2024 10:02:34 -- Lancement programme mailing...
16 06 2024 10:02:34 -- -> FileBox.send
16 06 2024 10:02:34 -- -> FileBox.send
16 06 2024 10:04:49 -- Lancement programme mailing...
16 06 2024 10:04:49 -- -> FileBox.send
16 06 2024 10:04:49 -- -> FileBox.send
16 06 2024 10:06:05 -- Lancement programme mailing...
16 06 2024 10:06:05 -- -> FileBox.send
16 06 2024 10:06:06 -- -> FileBox.send
16 06 2024 10:06:41 -- Lancement programme mailing...
16 06 2024 10:06:41 -- -> FileBox.send
16 06 2024 10:06:46 -- FATAL ERROR : undefined local variable or method expeditor'
                       /Users/philippeperret/Programmes/Mailing/lib/FILE-BOX/FileBox.rb:56:in <main>'
16 06 2024 10:07:11 -- Lancement programme mailing...
16 06 2024 10:07:11 -- -> FileBox.send
16 06 2024 10:07:15 -- FATAL ERROR : undefined local variable or method expeditor'
                       /Users/philippeperret/Programmes/Mailing/lib/FILE-BOX/FileBox.rb:56:in <main>'
16 06 2024 10:08:27 -- Lancement programme mailing...
16 06 2024 10:08:27 -- -> FileBox.send
16 06 2024 10:08:27 -- FATAL ERROR : undefined local variable or method expeditor'
                       /Users/philippeperret/Programmes/Mailing/lib/FILE-BOX/FileBox.rb:56:in <main>'
16 06 2024 10:10:37 -- Lancement programme mailing...
16 06 2024 10:10:37 -- -> FileBox.send
16 06 2024 10:10:38 -- FATAL ERROR : undefined local variable or method expeditor'
                       /Users/philippeperret/Programmes/Mailing/lib/FILE-BOX/FileBox.rb:56:in <main>'
16 06 2024 10:13:16 -- Lancement programme mailing...
16 06 2024 10:13:16 -- -> FileBox.send
16 06 2024 10:14:00 -- Lancement programme mailing...
16 06 2024 10:14:00 -- -> FileBox.send
16 06 2024 10:14:12 -- [SIMULATION]  Mail sent to conservatoire@montelimar-agglo.fr
16 06 2024 10:14:23 -- [SIMULATION]  Mail sent to conservatoire-accueil@agglo-montlucon.fr
16 06 2024 10:14:31 -- [SIMULATION]  Mail sent to conservatoire@privas.fr
16 06 2024 10:14:33 -- [SIMULATION]  Mail sent to conservatoire@ville-rivedegier.fr
16 06 2024 10:28:27 -- Lancement programme mailing...
16 06 2024 10:28:27 -- -> FileBox.send
16 06 2024 10:28:46 -- Lancement programme mailing...
16 06 2024 10:28:46 -- -> FileBox.send
16 06 2024 10:29:47 -- Lancement programme mailing...
16 06 2024 10:29:47 -- -> FileBox.send
16 06 2024 10:31:55 -- Lancement programme mailing...
16 06 2024 10:31:55 -- -> FileBox.send
16 06 2024 10:33:13 -- Lancement programme mailing...
16 06 2024 10:33:13 -- -> FileBox.send
16 06 2024 10:33:58 -- Lancement programme mailing...
16 06 2024 10:33:58 -- -> FileBox.send
16 06 2024 10:35:29 -- Lancement programme mailing...
16 06 2024 10:35:29 -- -> FileBox.send
16 06 2024 10:36:14 -- Lancement programme mailing...
16 06 2024 10:36:14 -- -> FileBox.send
16 06 2024 10:37:06 -- Lancement programme mailing...
16 06 2024 10:37:06 -- -> FileBox.send
16 06 2024 10:37:41 -- Lancement programme mailing...
16 06 2024 10:37:41 -- -> FileBox.send
16 06 2024 10:39:18 -- Lancement programme mailing...
16 06 2024 10:39:18 -- -> FileBox.send
16 06 2024 10:39:23 -- [SIMULATION]  Mail sent to conservatoire@montelimar-agglo.fr
16 06 2024 10:43:10 -- Lancement programme mailing...
16 06 2024 10:43:44 -- Lancement programme mailing...
16 06 2024 10:43:44 -- -> FileBox.send
16 06 2024 10:43:45 -- [SIMULATION]  Mail sent to conservatoire@montelimar-agglo.fr
16 06 2024 10:43:46 -- [SIMULATION]  Mail sent to conservatoire-accueil@agglo-montlucon.fr
16 06 2024 10:43:46 -- 
                       /Users/philippeperret/Programmes/Mailing/lib/SENDER-BOX/SenderBox.rb:36:in send_to'
                       /Users/philippeperret/Programmes/Mailing/lib/FILE-BOX/FileBox.rb:54:in each'
                       /Users/philippeperret/Programmes/Mailing/lib/FILE-BOX/FileBox.rb:53:in <main>'
16 06 2024 10:53:57 -- Lancement programme mailing...
16 06 2024 10:53:58 -- -> FileBox.send
16 06 2024 10:53:59 -- [SIMULATION]  Mail sent to conservatoire@montelimar-agglo.fr
16 06 2024 10:54:00 -- [SIMULATION]  Mail sent to conservatoire-accueil@agglo-montlucon.fr
16 06 2024 10:54:01 -- [SIMULATION]  Mail sent to conservatoire@privas.fr
16 06 2024 10:54:01 -- 
                       /Users/philippeperret/Programmes/Mailing/lib/SENDER-BOX/SenderBox.rb:36:in send_to'
                       /Users/philippeperret/Programmes/Mailing/lib/FILE-BOX/FileBox.rb:54:in each'
                       /Users/philippeperret/Programmes/Mailing/lib/FILE-BOX/FileBox.rb:53:in <main>'
16 06 2024 11:06:21 -- Lancement programme mailing...
16 06 2024 11:06:21 -- -> FileBox.send
16 06 2024 11:06:22 -- [SIMULATION]  Mail sent to conservatoire@montelimar-agglo.fr
16 06 2024 11:06:23 -- [SIMULATION]  Mail sent to conservatoire-accueil@agglo-montlucon.fr
16 06 2024 11:06:24 -- [SIMULATION]  Mail sent to conservatoire@privas.fr
16 06 2024 11:06:25 -- 
                       /Users/philippeperret/Programmes/Mailing/lib/SENDER-BOX/SenderBox.rb:36:in send_to'
                       /Users/philippeperret/Programmes/Mailing/lib/FILE-BOX/FileBox.rb:54:in each'
                       /Users/philippeperret/Programmes/Mailing/lib/FILE-BOX/FileBox.rb:53:in <main>'
